<?xml version="1.0" encoding="UTF-8"?>
<testng-results ignored="0" total="1" passed="1" failed="0" skipped="0">
  <reporter-output>
  </reporter-output>
  <suite started-at="2023-07-05T11:09:37 IST" name="Default suite" finished-at="2023-07-05T11:09:47 IST" duration-ms="9683">
    <groups>
    </groups>
    <test started-at="2023-07-05T11:09:37 IST" name="Default test" finished-at="2023-07-05T11:09:47 IST" duration-ms="9683">
      <class name="tset52">
        <test-method signature="DemoECpmmarce()[pri:0, instance:tset52@49c7b90e]" started-at="2023-07-05T11:09:37 IST" name="DemoECpmmarce" finished-at="2023-07-05T11:09:47 IST" duration-ms="9629" status="PASS">
          <reporter-output>
          </reporter-output>
        </test-method> <!-- DemoECpmmarce -->
      </class> <!-- tset52 -->
    </test> <!-- Default test -->
  </suite> <!-- Default suite -->
</testng-results>
