<?xml version="1.0" encoding="UTF-8"?>
<testng-results ignored="0" total="1" passed="1" failed="0" skipped="0">
  <reporter-output>
  </reporter-output>
  <suite started-at="2023-08-08T12:46:39 IST" name="Default suite" finished-at="2023-08-08T12:47:02 IST" duration-ms="23185">
    <groups>
    </groups>
    <test started-at="2023-08-08T12:46:39 IST" name="Default test" finished-at="2023-08-08T12:47:02 IST" duration-ms="23185">
      <class name="sanketNale.AppiumBasic">
        <test-method is-config="true" signature="ConfigureAppium()[pri:0, instance:sanketNale.AppiumBasic@1e0b4072]" started-at="2023-08-08T12:46:39 IST" name="ConfigureAppium" finished-at="2023-08-08T12:46:59 IST" duration-ms="19450" status="PASS">
          <reporter-output>
          </reporter-output>
        </test-method> <!-- ConfigureAppium -->
        <test-method signature="wifiSettingNames()[pri:0, instance:sanketNale.AppiumBasic@1e0b4072]" started-at="2023-08-08T12:46:59 IST" name="wifiSettingNames" finished-at="2023-08-08T12:47:01 IST" duration-ms="2639" status="PASS">
          <reporter-output>
          </reporter-output>
        </test-method> <!-- wifiSettingNames -->
        <test-method is-config="true" signature="tearDown()[pri:0, instance:sanketNale.AppiumBasic@1e0b4072]" started-at="2023-08-08T12:47:01 IST" name="tearDown" finished-at="2023-08-08T12:47:02 IST" duration-ms="1043" status="PASS">
          <reporter-output>
          </reporter-output>
        </test-method> <!-- tearDown -->
      </class> <!-- sanketNale.AppiumBasic -->
    </test> <!-- Default test -->
  </suite> <!-- Default suite -->
</testng-results>
